{"C:\\Users\\hp\\Desktop\\notification-system\\app.js": {"path":"C:\\Users\\hp\\Desktop\\notification-system\\app.js","statementMap":{"0":{"start":{"line":18,"column":0},"end":{"line":18,"column":15}},"1":{"start":{"line":21,"column":12},"end":{"line":21,"column":21}},"2":{"start":{"line":22,"column":15},"end":{"line":22,"column":37}},"3":{"start":{"line":23,"column":11},"end":{"line":23,"column":29}},"4":{"start":{"line":26,"column":0},"end":{"line":26,"column":17}},"5":{"start":{"line":29,"column":0},"end":{"line":29,"column":22}},"6":{"start":{"line":30,"column":0},"end":{"line":30,"column":23}},"7":{"start":{"line":31,"column":0},"end":{"line":31,"column":48}},"8":{"start":{"line":32,"column":0},"end":{"line":32,"column":23}},"9":{"start":{"line":35,"column":19},"end":{"line":35,"column":49}},"10":{"start":{"line":36,"column":18},"end":{"line":36,"column":42}},"11":{"start":{"line":37,"column":0},"end":{"line":37,"column":47}},"12":{"start":{"line":38,"column":0},"end":{"line":38,"column":29}},"13":{"start":{"line":39,"column":0},"end":{"line":39,"column":55}},"14":{"start":{"line":42,"column":0},"end":{"line":42,"column":29}},"15":{"start":{"line":43,"column":0},"end":{"line":43,"column":45}},"16":{"start":{"line":46,"column":0},"end":{"line":48,"column":2}},"17":{"start":{"line":47,"column":2},"end":{"line":47,"column":55}},"18":{"start":{"line":51,"column":0},"end":{"line":58,"column":2}},"19":{"start":{"line":52,"column":2},"end":{"line":52,"column":26}},"20":{"start":{"line":53,"column":2},"end":{"line":57,"column":4}},"21":{"start":{"line":61,"column":0},"end":{"line":66,"column":1}},"22":{"start":{"line":62,"column":15},"end":{"line":62,"column":39}},"23":{"start":{"line":63,"column":2},"end":{"line":65,"column":4}},"24":{"start":{"line":64,"column":4},"end":{"line":64,"column":49}}},"fnMap":{"0":{"name":"(anonymous_0)","decl":{"start":{"line":46,"column":13},"end":{"line":46,"column":14}},"loc":{"start":{"line":46,"column":27},"end":{"line":48,"column":1}},"line":46},"1":{"name":"(anonymous_1)","decl":{"start":{"line":51,"column":8},"end":{"line":51,"column":9}},"loc":{"start":{"line":51,"column":33},"end":{"line":58,"column":1}},"line":51},"2":{"name":"(anonymous_2)","decl":{"start":{"line":63,"column":22},"end":{"line":63,"column":23}},"loc":{"start":{"line":63,"column":28},"end":{"line":65,"column":3}},"line":63}},"branchMap":{"0":{"loc":{"start":{"line":53,"column":13},"end":{"line":53,"column":30}},"type":"binary-expr","locations":[{"start":{"line":53,"column":13},"end":{"line":53,"column":23}},{"start":{"line":53,"column":27},"end":{"line":53,"column":30}}],"line":53},"1":{"loc":{"start":{"line":55,"column":15},"end":{"line":55,"column":53}},"type":"binary-expr","locations":[{"start":{"line":55,"column":15},"end":{"line":55,"column":26}},{"start":{"line":55,"column":30},"end":{"line":55,"column":53}}],"line":55},"2":{"loc":{"start":{"line":61,"column":0},"end":{"line":66,"column":1}},"type":"if","locations":[{"start":{"line":61,"column":0},"end":{"line":66,"column":1}},{"start":{},"end":{}}],"line":61},"3":{"loc":{"start":{"line":61,"column":4},"end":{"line":61,"column":74}},"type":"binary-expr","locations":[{"start":{"line":61,"column":4},"end":{"line":61,"column":35}},{"start":{"line":61,"column":39},"end":{"line":61,"column":74}}],"line":61},"4":{"loc":{"start":{"line":62,"column":15},"end":{"line":62,"column":39}},"type":"binary-expr","locations":[{"start":{"line":62,"column":15},"end":{"line":62,"column":31}},{"start":{"line":62,"column":35},"end":{"line":62,"column":39}}],"line":62}},"s":{"0":2,"1":2,"2":2,"3":2,"4":2,"5":2,"6":2,"7":2,"8":2,"9":2,"10":2,"11":2,"12":2,"13":2,"14":2,"15":2,"16":2,"17":0,"18":2,"19":0,"20":0,"21":2,"22":0,"23":0,"24":0},"f":{"0":0,"1":0,"2":0},"b":{"0":[0,0],"1":[0,0],"2":[0,2],"3":[2,2],"4":[0,0]},"inputSourceMap":null,"_coverageSchema":"1a1c01bbd47fc00a2c39e90264f33305004495a9","hash":"eac66e0777ba4fa8e6dee2b1c952c304e870a657"}
,"C:\\Users\\hp\\Desktop\\notification-system\\config\\db.js": {"path":"C:\\Users\\hp\\Desktop\\notification-system\\config\\db.js","statementMap":{"0":{"start":{"line":2,"column":17},"end":{"line":2,"column":20}},"1":{"start":{"line":5,"column":0},"end":{"line":5,"column":15}},"2":{"start":{"line":8,"column":13},"end":{"line":14,"column":2}},"3":{"start":{"line":17,"column":0},"end":{"line":23,"column":2}},"4":{"start":{"line":18,"column":2},"end":{"line":22,"column":3}},"5":{"start":{"line":19,"column":4},"end":{"line":19,"column":58}},"6":{"start":{"line":21,"column":4},"end":{"line":21,"column":50}},"7":{"start":{"line":26,"column":15},"end":{"line":54,"column":1}},"8":{"start":{"line":27,"column":2},"end":{"line":53,"column":3}},"9":{"start":{"line":29,"column":4},"end":{"line":36,"column":6}},"10":{"start":{"line":39,"column":4},"end":{"line":48,"column":6}},"11":{"start":{"line":50,"column":4},"end":{"line":50,"column":46}},"12":{"start":{"line":52,"column":4},"end":{"line":52,"column":63}},"13":{"start":{"line":57,"column":0},"end":{"line":57,"column":8}}},"fnMap":{"0":{"name":"(anonymous_0)","decl":{"start":{"line":17,"column":27},"end":{"line":17,"column":28}},"loc":{"start":{"line":17,"column":41},"end":{"line":23,"column":1}},"line":17},"1":{"name":"(anonymous_1)","decl":{"start":{"line":26,"column":15},"end":{"line":26,"column":16}},"loc":{"start":{"line":26,"column":27},"end":{"line":54,"column":1}},"line":26}},"branchMap":{"0":{"loc":{"start":{"line":18,"column":2},"end":{"line":22,"column":3}},"type":"if","locations":[{"start":{"line":18,"column":2},"end":{"line":22,"column":3}},{"start":{"line":20,"column":9},"end":{"line":22,"column":3}}],"line":18}},"s":{"0":2,"1":2,"2":2,"3":2,"4":2,"5":0,"6":2,"7":2,"8":2,"9":2,"10":2,"11":2,"12":0,"13":2},"f":{"0":2,"1":2},"b":{"0":[0,2]},"inputSourceMap":null,"_coverageSchema":"1a1c01bbd47fc00a2c39e90264f33305004495a9","hash":"2b86da41a32b3107f2a85f80c74610d72b6fd599"}
,"C:\\Users\\hp\\Desktop\\notification-system\\controllers\\authController.js": {"path":"C:\\Users\\hp\\Desktop\\notification-system\\controllers\\authController.js","statementMap":{"0":{"start":{"line":6,"column":24},"end":{"line":34,"column":1}},"1":{"start":{"line":7,"column":2},"end":{"line":33,"column":3}},"2":{"start":{"line":8,"column":35},"end":{"line":8,"column":43}},"3":{"start":{"line":11,"column":4},"end":{"line":13,"column":5}},"4":{"start":{"line":12,"column":6},"end":{"line":12,"column":82}},"5":{"start":{"line":16,"column":23},"end":{"line":16,"column":25}},"6":{"start":{"line":17,"column":27},"end":{"line":17,"column":66}},"7":{"start":{"line":20,"column":19},"end":{"line":20,"column":63}},"8":{"start":{"line":22,"column":4},"end":{"line":25,"column":6}},"9":{"start":{"line":27,"column":4},"end":{"line":30,"column":5}},"10":{"start":{"line":29,"column":6},"end":{"line":29,"column":71}},"11":{"start":{"line":31,"column":4},"end":{"line":31,"column":47}},"12":{"start":{"line":32,"column":4},"end":{"line":32,"column":60}},"13":{"start":{"line":37,"column":21},"end":{"line":66,"column":1}},"14":{"start":{"line":38,"column":2},"end":{"line":65,"column":3}},"15":{"start":{"line":39,"column":35},"end":{"line":39,"column":43}},"16":{"start":{"line":42,"column":4},"end":{"line":44,"column":5}},"17":{"start":{"line":43,"column":6},"end":{"line":43,"column":82}},"18":{"start":{"line":47,"column":17},"end":{"line":47,"column":51}},"19":{"start":{"line":48,"column":4},"end":{"line":50,"column":5}},"20":{"start":{"line":49,"column":6},"end":{"line":49,"column":67}},"21":{"start":{"line":53,"column":28},"end":{"line":53,"column":73}},"22":{"start":{"line":54,"column":4},"end":{"line":56,"column":5}},"23":{"start":{"line":55,"column":6},"end":{"line":55,"column":67}},"24":{"start":{"line":59,"column":18},"end":{"line":59,"column":118}},"25":{"start":{"line":61,"column":4},"end":{"line":61,"column":35}},"26":{"start":{"line":63,"column":4},"end":{"line":63,"column":40}},"27":{"start":{"line":64,"column":4},"end":{"line":64,"column":60}},"28":{"start":{"line":69,"column":27},"end":{"line":77,"column":1}},"29":{"start":{"line":70,"column":2},"end":{"line":76,"column":3}},"30":{"start":{"line":71,"column":18},"end":{"line":71,"column":39}},"31":{"start":{"line":72,"column":4},"end":{"line":72,"column":31}},"32":{"start":{"line":74,"column":4},"end":{"line":74,"column":48}},"33":{"start":{"line":75,"column":4},"end":{"line":75,"column":60}},"34":{"start":{"line":80,"column":27},"end":{"line":82,"column":1}},"35":{"start":{"line":81,"column":2},"end":{"line":81,"column":41}},"36":{"start":{"line":85,"column":30},"end":{"line":87,"column":1}},"37":{"start":{"line":86,"column":2},"end":{"line":86,"column":47}}},"fnMap":{"0":{"name":"(anonymous_0)","decl":{"start":{"line":6,"column":24},"end":{"line":6,"column":25}},"loc":{"start":{"line":6,"column":44},"end":{"line":34,"column":1}},"line":6},"1":{"name":"(anonymous_1)","decl":{"start":{"line":37,"column":21},"end":{"line":37,"column":22}},"loc":{"start":{"line":37,"column":41},"end":{"line":66,"column":1}},"line":37},"2":{"name":"(anonymous_2)","decl":{"start":{"line":69,"column":27},"end":{"line":69,"column":28}},"loc":{"start":{"line":69,"column":47},"end":{"line":77,"column":1}},"line":69},"3":{"name":"(anonymous_3)","decl":{"start":{"line":80,"column":27},"end":{"line":80,"column":28}},"loc":{"start":{"line":80,"column":41},"end":{"line":82,"column":1}},"line":80},"4":{"name":"(anonymous_4)","decl":{"start":{"line":85,"column":30},"end":{"line":85,"column":31}},"loc":{"start":{"line":85,"column":44},"end":{"line":87,"column":1}},"line":85}},"branchMap":{"0":{"loc":{"start":{"line":11,"column":4},"end":{"line":13,"column":5}},"type":"if","locations":[{"start":{"line":11,"column":4},"end":{"line":13,"column":5}},{"start":{},"end":{}}],"line":11},"1":{"loc":{"start":{"line":11,"column":8},"end":{"line":11,"column":30}},"type":"binary-expr","locations":[{"start":{"line":11,"column":8},"end":{"line":11,"column":17}},{"start":{"line":11,"column":21},"end":{"line":11,"column":30}}],"line":11},"2":{"loc":{"start":{"line":27,"column":4},"end":{"line":30,"column":5}},"type":"if","locations":[{"start":{"line":27,"column":4},"end":{"line":30,"column":5}},{"start":{},"end":{}}],"line":27},"3":{"loc":{"start":{"line":42,"column":4},"end":{"line":44,"column":5}},"type":"if","locations":[{"start":{"line":42,"column":4},"end":{"line":44,"column":5}},{"start":{},"end":{}}],"line":42},"4":{"loc":{"start":{"line":42,"column":8},"end":{"line":42,"column":30}},"type":"binary-expr","locations":[{"start":{"line":42,"column":8},"end":{"line":42,"column":17}},{"start":{"line":42,"column":21},"end":{"line":42,"column":30}}],"line":42},"5":{"loc":{"start":{"line":48,"column":4},"end":{"line":50,"column":5}},"type":"if","locations":[{"start":{"line":48,"column":4},"end":{"line":50,"column":5}},{"start":{},"end":{}}],"line":48},"6":{"loc":{"start":{"line":54,"column":4},"end":{"line":56,"column":5}},"type":"if","locations":[{"start":{"line":54,"column":4},"end":{"line":56,"column":5}},{"start":{},"end":{}}],"line":54}},"s":{"0":2,"1":35,"2":35,"3":35,"4":1,"5":34,"6":34,"7":34,"8":33,"9":1,"10":1,"11":0,"12":0,"13":2,"14":31,"15":31,"16":31,"17":1,"18":30,"19":30,"20":1,"21":29,"22":29,"23":1,"24":28,"25":28,"26":0,"27":0,"28":2,"29":26,"30":26,"31":26,"32":0,"33":0,"34":2,"35":0,"36":2,"37":0},"f":{"0":35,"1":31,"2":26,"3":0,"4":0},"b":{"0":[1,34],"1":[35,35],"2":[1,0],"3":[1,30],"4":[31,31],"5":[1,29],"6":[1,28]},"inputSourceMap":null,"_coverageSchema":"1a1c01bbd47fc00a2c39e90264f33305004495a9","hash":"55f084e917fa2f68515bcc2a625aad865a5b4f3d"}
,"C:\\Users\\hp\\Desktop\\notification-system\\controllers\\notificationController.js": {"path":"C:\\Users\\hp\\Desktop\\notification-system\\controllers\\notificationController.js","statementMap":{"0":{"start":{"line":12,"column":34},"end":{"line":62,"column":3}},"1":{"start":{"line":13,"column":4},"end":{"line":61,"column":5}},"2":{"start":{"line":14,"column":48},"end":{"line":14,"column":56}},"3":{"start":{"line":17,"column":6},"end":{"line":19,"column":7}},"4":{"start":{"line":18,"column":8},"end":{"line":18,"column":98}},"5":{"start":{"line":21,"column":6},"end":{"line":23,"column":7}},"6":{"start":{"line":22,"column":8},"end":{"line":22,"column":90}},"7":{"start":{"line":26,"column":21},"end":{"line":26,"column":49}},"8":{"start":{"line":27,"column":6},"end":{"line":29,"column":7}},"9":{"start":{"line":28,"column":8},"end":{"line":28,"column":66}},"10":{"start":{"line":32,"column":23},"end":{"line":32,"column":53}},"11":{"start":{"line":33,"column":6},"end":{"line":35,"column":7}},"12":{"start":{"line":34,"column":8},"end":{"line":34,"column":68}},"13":{"start":{"line":38,"column":27},"end":{"line":38,"column":82}},"14":{"start":{"line":41,"column":17},"end":{"line":41,"column":36}},"15":{"start":{"line":42,"column":31},"end":{"line":42,"column":64}},"16":{"start":{"line":44,"column":6},"end":{"line":52,"column":7}},"17":{"start":{"line":45,"column":8},"end":{"line":51,"column":10}},"18":{"start":{"line":54,"column":6},"end":{"line":57,"column":8}},"19":{"start":{"line":59,"column":6},"end":{"line":59,"column":54}},"20":{"start":{"line":60,"column":6},"end":{"line":60,"column":62}},"21":{"start":{"line":65,"column":34},"end":{"line":86,"column":3}},"22":{"start":{"line":66,"column":4},"end":{"line":85,"column":5}},"23":{"start":{"line":67,"column":21},"end":{"line":67,"column":36}},"24":{"start":{"line":68,"column":19},"end":{"line":68,"column":55}},"25":{"start":{"line":69,"column":20},"end":{"line":69,"column":58}},"26":{"start":{"line":70,"column":21},"end":{"line":70,"column":39}},"27":{"start":{"line":72,"column":28},"end":{"line":72,"column":77}},"28":{"start":{"line":74,"column":6},"end":{"line":81,"column":8}},"29":{"start":{"line":83,"column":6},"end":{"line":83,"column":54}},"30":{"start":{"line":84,"column":6},"end":{"line":84,"column":62}},"31":{"start":{"line":89,"column":28},"end":{"line":112,"column":3}},"32":{"start":{"line":90,"column":4},"end":{"line":111,"column":5}},"33":{"start":{"line":91,"column":29},"end":{"line":91,"column":42}},"34":{"start":{"line":92,"column":21},"end":{"line":92,"column":36}},"35":{"start":{"line":95,"column":27},"end":{"line":95,"column":68}},"36":{"start":{"line":97,"column":6},"end":{"line":99,"column":7}},"37":{"start":{"line":98,"column":8},"end":{"line":98,"column":72}},"38":{"start":{"line":101,"column":6},"end":{"line":103,"column":7}},"39":{"start":{"line":102,"column":8},"end":{"line":102,"column":90}},"40":{"start":{"line":105,"column":6},"end":{"line":105,"column":50}},"41":{"start":{"line":107,"column":6},"end":{"line":107,"column":70}},"42":{"start":{"line":109,"column":6},"end":{"line":109,"column":62}},"43":{"start":{"line":110,"column":6},"end":{"line":110,"column":62}},"44":{"start":{"line":115,"column":31},"end":{"line":126,"column":3}},"45":{"start":{"line":116,"column":4},"end":{"line":125,"column":5}},"46":{"start":{"line":117,"column":21},"end":{"line":117,"column":36}},"47":{"start":{"line":119,"column":6},"end":{"line":119,"column":46}},"48":{"start":{"line":121,"column":6},"end":{"line":121,"column":75}},"49":{"start":{"line":123,"column":6},"end":{"line":123,"column":67}},"50":{"start":{"line":124,"column":6},"end":{"line":124,"column":62}},"51":{"start":{"line":129,"column":33},"end":{"line":131,"column":3}},"52":{"start":{"line":130,"column":4},"end":{"line":130,"column":67}}},"fnMap":{"0":{"name":"(anonymous_0)","decl":{"start":{"line":12,"column":34},"end":{"line":12,"column":35}},"loc":{"start":{"line":12,"column":54},"end":{"line":62,"column":3}},"line":12},"1":{"name":"(anonymous_1)","decl":{"start":{"line":65,"column":34},"end":{"line":65,"column":35}},"loc":{"start":{"line":65,"column":54},"end":{"line":86,"column":3}},"line":65},"2":{"name":"(anonymous_2)","decl":{"start":{"line":89,"column":28},"end":{"line":89,"column":29}},"loc":{"start":{"line":89,"column":48},"end":{"line":112,"column":3}},"line":89},"3":{"name":"(anonymous_3)","decl":{"start":{"line":115,"column":31},"end":{"line":115,"column":32}},"loc":{"start":{"line":115,"column":51},"end":{"line":126,"column":3}},"line":115},"4":{"name":"(anonymous_4)","decl":{"start":{"line":129,"column":33},"end":{"line":129,"column":34}},"loc":{"start":{"line":129,"column":47},"end":{"line":131,"column":3}},"line":129}},"branchMap":{"0":{"loc":{"start":{"line":17,"column":6},"end":{"line":19,"column":7}},"type":"if","locations":[{"start":{"line":17,"column":6},"end":{"line":19,"column":7}},{"start":{},"end":{}}],"line":17},"1":{"loc":{"start":{"line":17,"column":10},"end":{"line":17,"column":46}},"type":"binary-expr","locations":[{"start":{"line":17,"column":10},"end":{"line":17,"column":19}},{"start":{"line":17,"column":23},"end":{"line":17,"column":34}},{"start":{"line":17,"column":38},"end":{"line":17,"column":46}}],"line":17},"2":{"loc":{"start":{"line":21,"column":6},"end":{"line":23,"column":7}},"type":"if","locations":[{"start":{"line":21,"column":6},"end":{"line":23,"column":7}},{"start":{},"end":{}}],"line":21},"3":{"loc":{"start":{"line":27,"column":6},"end":{"line":29,"column":7}},"type":"if","locations":[{"start":{"line":27,"column":6},"end":{"line":29,"column":7}},{"start":{},"end":{}}],"line":27},"4":{"loc":{"start":{"line":33,"column":6},"end":{"line":35,"column":7}},"type":"if","locations":[{"start":{"line":33,"column":6},"end":{"line":35,"column":7}},{"start":{},"end":{}}],"line":33},"5":{"loc":{"start":{"line":44,"column":6},"end":{"line":52,"column":7}},"type":"if","locations":[{"start":{"line":44,"column":6},"end":{"line":52,"column":7}},{"start":{},"end":{}}],"line":44},"6":{"loc":{"start":{"line":68,"column":19},"end":{"line":68,"column":55}},"type":"binary-expr","locations":[{"start":{"line":68,"column":19},"end":{"line":68,"column":50}},{"start":{"line":68,"column":54},"end":{"line":68,"column":55}}],"line":68},"7":{"loc":{"start":{"line":69,"column":20},"end":{"line":69,"column":58}},"type":"binary-expr","locations":[{"start":{"line":69,"column":20},"end":{"line":69,"column":52}},{"start":{"line":69,"column":56},"end":{"line":69,"column":58}}],"line":69},"8":{"loc":{"start":{"line":97,"column":6},"end":{"line":99,"column":7}},"type":"if","locations":[{"start":{"line":97,"column":6},"end":{"line":99,"column":7}},{"start":{},"end":{}}],"line":97},"9":{"loc":{"start":{"line":101,"column":6},"end":{"line":103,"column":7}},"type":"if","locations":[{"start":{"line":101,"column":6},"end":{"line":103,"column":7}},{"start":{},"end":{}}],"line":101}},"s":{"0":2,"1":24,"2":24,"3":24,"4":1,"5":23,"6":1,"7":22,"8":22,"9":0,"10":22,"11":22,"12":0,"13":22,"14":22,"15":22,"16":22,"17":0,"18":22,"19":0,"20":0,"21":2,"22":6,"23":6,"24":6,"25":6,"26":6,"27":6,"28":6,"29":0,"30":0,"31":2,"32":3,"33":3,"34":3,"35":3,"36":3,"37":1,"38":2,"39":1,"40":1,"41":1,"42":0,"43":0,"44":2,"45":1,"46":1,"47":1,"48":1,"49":0,"50":0,"51":2,"52":0},"f":{"0":24,"1":6,"2":3,"3":1,"4":0},"b":{"0":[1,23],"1":[24,24,23],"2":[1,22],"3":[0,22],"4":[0,22],"5":[0,22],"6":[6,3],"7":[6,3],"8":[1,2],"9":[1,1]},"inputSourceMap":null,"_coverageSchema":"1a1c01bbd47fc00a2c39e90264f33305004495a9","hash":"4c9870e0228a3833d2e4793388952fb655038f54"}
,"C:\\Users\\hp\\Desktop\\notification-system\\middleware\\authMiddleware.js": {"path":"C:\\Users\\hp\\Desktop\\notification-system\\middleware\\authMiddleware.js","statementMap":{"0":{"start":{"line":3,"column":33},"end":{"line":21,"column":1}},"1":{"start":{"line":5,"column":21},"end":{"line":5,"column":49}},"2":{"start":{"line":6,"column":16},"end":{"line":6,"column":54}},"3":{"start":{"line":8,"column":2},"end":{"line":10,"column":3}},"4":{"start":{"line":9,"column":4},"end":{"line":9,"column":75}},"5":{"start":{"line":12,"column":2},"end":{"line":20,"column":3}},"6":{"start":{"line":14,"column":20},"end":{"line":14,"column":61}},"7":{"start":{"line":15,"column":4},"end":{"line":15,"column":22}},"8":{"start":{"line":16,"column":4},"end":{"line":16,"column":10}},"9":{"start":{"line":18,"column":4},"end":{"line":18,"column":51}},"10":{"start":{"line":19,"column":4},"end":{"line":19,"column":70}},"11":{"start":{"line":24,"column":31},"end":{"line":39,"column":1}},"12":{"start":{"line":25,"column":16},"end":{"line":25,"column":33}},"13":{"start":{"line":27,"column":2},"end":{"line":29,"column":3}},"14":{"start":{"line":28,"column":4},"end":{"line":28,"column":39}},"15":{"start":{"line":31,"column":2},"end":{"line":38,"column":3}},"16":{"start":{"line":32,"column":20},"end":{"line":32,"column":61}},"17":{"start":{"line":33,"column":4},"end":{"line":33,"column":22}},"18":{"start":{"line":34,"column":4},"end":{"line":34,"column":10}},"19":{"start":{"line":36,"column":4},"end":{"line":36,"column":28}},"20":{"start":{"line":37,"column":4},"end":{"line":37,"column":39}}},"fnMap":{"0":{"name":"(anonymous_0)","decl":{"start":{"line":3,"column":33},"end":{"line":3,"column":34}},"loc":{"start":{"line":3,"column":53},"end":{"line":21,"column":1}},"line":3},"1":{"name":"(anonymous_1)","decl":{"start":{"line":24,"column":31},"end":{"line":24,"column":32}},"loc":{"start":{"line":24,"column":51},"end":{"line":39,"column":1}},"line":24}},"branchMap":{"0":{"loc":{"start":{"line":6,"column":16},"end":{"line":6,"column":54}},"type":"binary-expr","locations":[{"start":{"line":6,"column":16},"end":{"line":6,"column":26}},{"start":{"line":6,"column":30},"end":{"line":6,"column":54}}],"line":6},"1":{"loc":{"start":{"line":8,"column":2},"end":{"line":10,"column":3}},"type":"if","locations":[{"start":{"line":8,"column":2},"end":{"line":10,"column":3}},{"start":{},"end":{}}],"line":8},"2":{"loc":{"start":{"line":27,"column":2},"end":{"line":29,"column":3}},"type":"if","locations":[{"start":{"line":27,"column":2},"end":{"line":29,"column":3}},{"start":{},"end":{}}],"line":27}},"s":{"0":2,"1":64,"2":64,"3":64,"4":4,"5":60,"6":60,"7":60,"8":60,"9":0,"10":0,"11":2,"12":0,"13":0,"14":0,"15":0,"16":0,"17":0,"18":0,"19":0,"20":0},"f":{"0":64,"1":0},"b":{"0":[64,60],"1":[4,60],"2":[0,0]},"inputSourceMap":null,"_coverageSchema":"1a1c01bbd47fc00a2c39e90264f33305004495a9","hash":"da9fc62b4e0b779a0bb6760231084a55daccd2a2"}
,"C:\\Users\\hp\\Desktop\\notification-system\\models\\Notification.js": {"path":"C:\\Users\\hp\\Desktop\\notification-system\\models\\Notification.js","statementMap":{"0":{"start":{"line":4,"column":34},"end":{"line":13,"column":1}},"1":{"start":{"line":5,"column":16},"end":{"line":9,"column":3}},"2":{"start":{"line":10,"column":17},"end":{"line":10,"column":48}},"3":{"start":{"line":11,"column":17},"end":{"line":11,"column":48}},"4":{"start":{"line":12,"column":2},"end":{"line":12,"column":23}},"5":{"start":{"line":16,"column":36},"end":{"line":29,"column":1}},"6":{"start":{"line":17,"column":16},"end":{"line":25,"column":3}},"7":{"start":{"line":26,"column":17},"end":{"line":26,"column":40}},"8":{"start":{"line":27,"column":17},"end":{"line":27,"column":48}},"9":{"start":{"line":28,"column":2},"end":{"line":28,"column":20}},"10":{"start":{"line":32,"column":38},"end":{"line":36,"column":1}},"11":{"start":{"line":33,"column":16},"end":{"line":33,"column":71}},"12":{"start":{"line":34,"column":17},"end":{"line":34,"column":33}},"13":{"start":{"line":35,"column":2},"end":{"line":35,"column":33}},"14":{"start":{"line":39,"column":42},"end":{"line":43,"column":1}},"15":{"start":{"line":40,"column":16},"end":{"line":40,"column":80}},"16":{"start":{"line":41,"column":17},"end":{"line":41,"column":25}},"17":{"start":{"line":42,"column":2},"end":{"line":42,"column":33}},"18":{"start":{"line":46,"column":35},"end":{"line":51,"column":1}},"19":{"start":{"line":47,"column":16},"end":{"line":47,"column":59}},"20":{"start":{"line":48,"column":17},"end":{"line":48,"column":33}},"21":{"start":{"line":49,"column":17},"end":{"line":49,"column":48}},"22":{"start":{"line":50,"column":2},"end":{"line":50,"column":23}},"23":{"start":{"line":54,"column":40},"end":{"line":59,"column":1}},"24":{"start":{"line":55,"column":16},"end":{"line":55,"column":95}},"25":{"start":{"line":56,"column":17},"end":{"line":56,"column":25}},"26":{"start":{"line":57,"column":17},"end":{"line":57,"column":48}},"27":{"start":{"line":58,"column":2},"end":{"line":58,"column":46}}},"fnMap":{"0":{"name":"(anonymous_0)","decl":{"start":{"line":4,"column":34},"end":{"line":4,"column":35}},"loc":{"start":{"line":4,"column":75},"end":{"line":13,"column":1}},"line":4},"1":{"name":"(anonymous_1)","decl":{"start":{"line":16,"column":36},"end":{"line":16,"column":37}},"loc":{"start":{"line":16,"column":69},"end":{"line":29,"column":1}},"line":16},"2":{"name":"(anonymous_2)","decl":{"start":{"line":32,"column":38},"end":{"line":32,"column":39}},"loc":{"start":{"line":32,"column":64},"end":{"line":36,"column":1}},"line":32},"3":{"name":"(anonymous_3)","decl":{"start":{"line":39,"column":42},"end":{"line":39,"column":43}},"loc":{"start":{"line":39,"column":60},"end":{"line":43,"column":1}},"line":39},"4":{"name":"(anonymous_4)","decl":{"start":{"line":46,"column":35},"end":{"line":46,"column":36}},"loc":{"start":{"line":46,"column":61},"end":{"line":51,"column":1}},"line":46},"5":{"name":"(anonymous_5)","decl":{"start":{"line":54,"column":40},"end":{"line":54,"column":41}},"loc":{"start":{"line":54,"column":58},"end":{"line":59,"column":1}},"line":54}},"branchMap":{},"s":{"0":2,"1":22,"2":22,"3":22,"4":22,"5":2,"6":6,"7":6,"8":6,"9":6,"10":2,"11":1,"12":1,"13":1,"14":2,"15":1,"16":1,"17":1,"18":2,"19":3,"20":3,"21":3,"22":3,"23":2,"24":0,"25":0,"26":0,"27":0},"f":{"0":22,"1":6,"2":1,"3":1,"4":3,"5":0},"b":{},"inputSourceMap":null,"_coverageSchema":"1a1c01bbd47fc00a2c39e90264f33305004495a9","hash":"e5f0a7aadd8f7b1c40163f7a46168a9d8128767d"}
,"C:\\Users\\hp\\Desktop\\notification-system\\models\\User.js": {"path":"C:\\Users\\hp\\Desktop\\notification-system\\models\\User.js","statementMap":{"0":{"start":{"line":4,"column":28},"end":{"line":9,"column":1}},"1":{"start":{"line":5,"column":16},"end":{"line":5,"column":85}},"2":{"start":{"line":6,"column":17},"end":{"line":6,"column":37}},"3":{"start":{"line":7,"column":17},"end":{"line":7,"column":48}},"4":{"start":{"line":8,"column":2},"end":{"line":8,"column":23}},"5":{"start":{"line":12,"column":34},"end":{"line":17,"column":1}},"6":{"start":{"line":13,"column":16},"end":{"line":13,"column":57}},"7":{"start":{"line":14,"column":17},"end":{"line":14,"column":27}},"8":{"start":{"line":15,"column":17},"end":{"line":15,"column":48}},"9":{"start":{"line":16,"column":2},"end":{"line":16,"column":23}},"10":{"start":{"line":20,"column":28},"end":{"line":25,"column":1}},"11":{"start":{"line":21,"column":16},"end":{"line":21,"column":51}},"12":{"start":{"line":22,"column":17},"end":{"line":22,"column":21}},"13":{"start":{"line":23,"column":17},"end":{"line":23,"column":48}},"14":{"start":{"line":24,"column":2},"end":{"line":24,"column":23}},"15":{"start":{"line":28,"column":27},"end":{"line":32,"column":1}},"16":{"start":{"line":29,"column":16},"end":{"line":29,"column":60}},"17":{"start":{"line":30,"column":17},"end":{"line":30,"column":40}},"18":{"start":{"line":31,"column":2},"end":{"line":31,"column":20}}},"fnMap":{"0":{"name":"(anonymous_0)","decl":{"start":{"line":4,"column":28},"end":{"line":4,"column":29}},"loc":{"start":{"line":4,"column":58},"end":{"line":9,"column":1}},"line":4},"1":{"name":"(anonymous_1)","decl":{"start":{"line":12,"column":34},"end":{"line":12,"column":35}},"loc":{"start":{"line":12,"column":54},"end":{"line":17,"column":1}},"line":12},"2":{"name":"(anonymous_2)","decl":{"start":{"line":20,"column":28},"end":{"line":20,"column":29}},"loc":{"start":{"line":20,"column":42},"end":{"line":25,"column":1}},"line":20},"3":{"name":"(anonymous_3)","decl":{"start":{"line":28,"column":27},"end":{"line":28,"column":28}},"loc":{"start":{"line":28,"column":39},"end":{"line":32,"column":1}},"line":28}},"branchMap":{},"s":{"0":2,"1":34,"2":34,"3":34,"4":33,"5":2,"6":30,"7":30,"8":30,"9":30,"10":2,"11":44,"12":44,"13":44,"14":44,"15":2,"16":26,"17":26,"18":26},"f":{"0":34,"1":30,"2":44,"3":26},"b":{},"inputSourceMap":null,"_coverageSchema":"1a1c01bbd47fc00a2c39e90264f33305004495a9","hash":"c26779bb2ae7d4c00807a218f4f909e32d723fe8"}
,"C:\\Users\\hp\\Desktop\\notification-system\\routes\\authRoutes.js": {"path":"C:\\Users\\hp\\Desktop\\notification-system\\routes\\authRoutes.js","statementMap":{"0":{"start":{"line":5,"column":15},"end":{"line":5,"column":31}},"1":{"start":{"line":8,"column":0},"end":{"line":8,"column":34}},"2":{"start":{"line":9,"column":0},"end":{"line":9,"column":28}},"3":{"start":{"line":10,"column":0},"end":{"line":10,"column":50}},"4":{"start":{"line":13,"column":0},"end":{"line":13,"column":33}},"5":{"start":{"line":14,"column":0},"end":{"line":14,"column":39}}},"fnMap":{},"branchMap":{},"s":{"0":2,"1":2,"2":2,"3":2,"4":2,"5":2},"f":{},"b":{},"inputSourceMap":null,"_coverageSchema":"1a1c01bbd47fc00a2c39e90264f33305004495a9","hash":"11ffaa538cda45eea027680a636fed2dd76168ec"}
,"C:\\Users\\hp\\Desktop\\notification-system\\routes\\notificationRoutes.js": {"path":"C:\\Users\\hp\\Desktop\\notification-system\\routes\\notificationRoutes.js","statementMap":{"0":{"start":{"line":11,"column":15},"end":{"line":11,"column":31}},"1":{"start":{"line":14,"column":0},"end":{"line":14,"column":57}},"2":{"start":{"line":15,"column":0},"end":{"line":15,"column":52}},"3":{"start":{"line":16,"column":0},"end":{"line":16,"column":54}},"4":{"start":{"line":17,"column":0},"end":{"line":17,"column":57}},"5":{"start":{"line":20,"column":0},"end":{"line":20,"column":58}}},"fnMap":{},"branchMap":{},"s":{"0":2,"1":2,"2":2,"3":2,"4":2,"5":2},"f":{},"b":{},"inputSourceMap":null,"_coverageSchema":"1a1c01bbd47fc00a2c39e90264f33305004495a9","hash":"367d584fe65bff0b906b4e5b0553823f75cfa666"}
,"C:\\Users\\hp\\Desktop\\notification-system\\services\\socketService.js": {"path":"C:\\Users\\hp\\Desktop\\notification-system\\services\\socketService.js","statementMap":{"0":{"start":{"line":2,"column":0},"end":{"line":2,"column":26}},"1":{"start":{"line":6,"column":29},"end":{"line":32,"column":1}},"2":{"start":{"line":7,"column":2},"end":{"line":7,"column":15}},"3":{"start":{"line":9,"column":2},"end":{"line":29,"column":4}},"4":{"start":{"line":10,"column":4},"end":{"line":10,"column":39}},"5":{"start":{"line":13,"column":4},"end":{"line":16,"column":6}},"6":{"start":{"line":14,"column":6},"end":{"line":14,"column":47}},"7":{"start":{"line":15,"column":6},"end":{"line":15,"column":73}},"8":{"start":{"line":19,"column":4},"end":{"line":28,"column":6}},"9":{"start":{"line":21,"column":6},"end":{"line":27,"column":7}},"10":{"start":{"line":22,"column":8},"end":{"line":26,"column":9}},"11":{"start":{"line":23,"column":10},"end":{"line":23,"column":46}},"12":{"start":{"line":24,"column":10},"end":{"line":24,"column":52}},"13":{"start":{"line":25,"column":10},"end":{"line":25,"column":15}},"14":{"start":{"line":31,"column":2},"end":{"line":31,"column":11}},"15":{"start":{"line":34,"column":33},"end":{"line":36,"column":1}},"16":{"start":{"line":35,"column":2},"end":{"line":35,"column":11}}},"fnMap":{"0":{"name":"(anonymous_0)","decl":{"start":{"line":6,"column":29},"end":{"line":6,"column":30}},"loc":{"start":{"line":6,"column":43},"end":{"line":32,"column":1}},"line":6},"1":{"name":"(anonymous_1)","decl":{"start":{"line":9,"column":22},"end":{"line":9,"column":23}},"loc":{"start":{"line":9,"column":34},"end":{"line":29,"column":3}},"line":9},"2":{"name":"(anonymous_2)","decl":{"start":{"line":13,"column":30},"end":{"line":13,"column":31}},"loc":{"start":{"line":13,"column":42},"end":{"line":16,"column":5}},"line":13},"3":{"name":"(anonymous_3)","decl":{"start":{"line":19,"column":28},"end":{"line":19,"column":29}},"loc":{"start":{"line":19,"column":34},"end":{"line":28,"column":5}},"line":19},"4":{"name":"(anonymous_4)","decl":{"start":{"line":34,"column":33},"end":{"line":34,"column":34}},"loc":{"start":{"line":34,"column":39},"end":{"line":36,"column":1}},"line":34}},"branchMap":{"0":{"loc":{"start":{"line":22,"column":8},"end":{"line":26,"column":9}},"type":"if","locations":[{"start":{"line":22,"column":8},"end":{"line":26,"column":9}},{"start":{},"end":{}}],"line":22}},"s":{"0":2,"1":2,"2":2,"3":2,"4":0,"5":0,"6":0,"7":0,"8":0,"9":0,"10":0,"11":0,"12":0,"13":0,"14":2,"15":2,"16":22},"f":{"0":2,"1":0,"2":0,"3":0,"4":22},"b":{"0":[0,0]},"inputSourceMap":null,"_coverageSchema":"1a1c01bbd47fc00a2c39e90264f33305004495a9","hash":"72568bc3a7f44ed15498c879d18e7e15aabdb1a6"}
}
