TN:
SF:app.js
FN:46,(anonymous_0)
FN:51,(anonymous_1)
FN:63,(anonymous_2)
FNF:3
FNH:0
FNDA:0,(anonymous_0)
FNDA:0,(anonymous_1)
FNDA:0,(anonymous_2)
DA:18,2
DA:21,2
DA:22,2
DA:23,2
DA:26,2
DA:29,2
DA:30,2
DA:31,2
DA:32,2
DA:35,2
DA:36,2
DA:37,2
DA:38,2
DA:39,2
DA:42,2
DA:43,2
DA:46,2
DA:47,0
DA:51,2
DA:52,0
DA:53,0
DA:61,2
DA:62,0
DA:63,0
DA:64,0
LF:25
LH:19
BRDA:53,0,0,0
BRDA:53,0,1,0
BRDA:55,1,0,0
BRDA:55,1,1,0
BRDA:61,2,0,0
BRDA:61,2,1,2
BRDA:61,3,0,2
BRDA:61,3,1,2
BRDA:62,4,0,0
BRDA:62,4,1,0
BRF:10
BRH:3
end_of_record
TN:
SF:config\db.js
FN:17,(anonymous_0)
FN:26,(anonymous_1)
FNF:2
FNH:2
FNDA:2,(anonymous_0)
FNDA:2,(anonymous_1)
DA:2,2
DA:5,2
DA:8,2
DA:17,2
DA:18,2
DA:19,0
DA:21,2
DA:26,2
DA:27,2
DA:29,2
DA:39,2
DA:50,2
DA:52,0
DA:57,2
LF:14
LH:12
BRDA:18,0,0,0
BRDA:18,0,1,2
BRF:2
BRH:1
end_of_record
TN:
SF:controllers\authController.js
FN:6,(anonymous_0)
FN:37,(anonymous_1)
FN:69,(anonymous_2)
FN:80,(anonymous_3)
FN:85,(anonymous_4)
FNF:5
FNH:3
FNDA:35,(anonymous_0)
FNDA:31,(anonymous_1)
FNDA:26,(anonymous_2)
FNDA:0,(anonymous_3)
FNDA:0,(anonymous_4)
DA:6,2
DA:7,35
DA:8,35
DA:11,35
DA:12,1
DA:16,34
DA:17,34
DA:20,34
DA:22,33
DA:27,1
DA:29,1
DA:31,0
DA:32,0
DA:37,2
DA:38,31
DA:39,31
DA:42,31
DA:43,1
DA:47,30
DA:48,30
DA:49,1
DA:53,29
DA:54,29
DA:55,1
DA:59,28
DA:61,28
DA:63,0
DA:64,0
DA:69,2
DA:70,26
DA:71,26
DA:72,26
DA:74,0
DA:75,0
DA:80,2
DA:81,0
DA:85,2
DA:86,0
LF:38
LH:30
BRDA:11,0,0,1
BRDA:11,0,1,34
BRDA:11,1,0,35
BRDA:11,1,1,35
BRDA:27,2,0,1
BRDA:27,2,1,0
BRDA:42,3,0,1
BRDA:42,3,1,30
BRDA:42,4,0,31
BRDA:42,4,1,31
BRDA:48,5,0,1
BRDA:48,5,1,29
BRDA:54,6,0,1
BRDA:54,6,1,28
BRF:14
BRH:13
end_of_record
TN:
SF:controllers\notificationController.js
FN:12,(anonymous_0)
FN:65,(anonymous_1)
FN:89,(anonymous_2)
FN:115,(anonymous_3)
FN:129,(anonymous_4)
FNF:5
FNH:4
FNDA:24,(anonymous_0)
FNDA:6,(anonymous_1)
FNDA:3,(anonymous_2)
FNDA:1,(anonymous_3)
FNDA:0,(anonymous_4)
DA:12,2
DA:13,24
DA:14,24
DA:17,24
DA:18,1
DA:21,23
DA:22,1
DA:26,22
DA:27,22
DA:28,0
DA:32,22
DA:33,22
DA:34,0
DA:38,22
DA:41,22
DA:42,22
DA:44,22
DA:45,0
DA:54,22
DA:59,0
DA:60,0
DA:65,2
DA:66,6
DA:67,6
DA:68,6
DA:69,6
DA:70,6
DA:72,6
DA:74,6
DA:83,0
DA:84,0
DA:89,2
DA:90,3
DA:91,3
DA:92,3
DA:95,3
DA:97,3
DA:98,1
DA:101,2
DA:102,1
DA:105,1
DA:107,1
DA:109,0
DA:110,0
DA:115,2
DA:116,1
DA:117,1
DA:119,1
DA:121,1
DA:123,0
DA:124,0
DA:129,2
DA:130,0
LF:53
LH:41
BRDA:17,0,0,1
BRDA:17,0,1,23
BRDA:17,1,0,24
BRDA:17,1,1,24
BRDA:17,1,2,23
BRDA:21,2,0,1
BRDA:21,2,1,22
BRDA:27,3,0,0
BRDA:27,3,1,22
BRDA:33,4,0,0
BRDA:33,4,1,22
BRDA:44,5,0,0
BRDA:44,5,1,22
BRDA:68,6,0,6
BRDA:68,6,1,3
BRDA:69,7,0,6
BRDA:69,7,1,3
BRDA:97,8,0,1
BRDA:97,8,1,2
BRDA:101,9,0,1
BRDA:101,9,1,1
BRF:21
BRH:18
end_of_record
TN:
SF:middleware\authMiddleware.js
FN:3,(anonymous_0)
FN:24,(anonymous_1)
FNF:2
FNH:1
FNDA:64,(anonymous_0)
FNDA:0,(anonymous_1)
DA:3,2
DA:5,64
DA:6,64
DA:8,64
DA:9,4
DA:12,60
DA:14,60
DA:15,60
DA:16,60
DA:18,0
DA:19,0
DA:24,2
DA:25,0
DA:27,0
DA:28,0
DA:31,0
DA:32,0
DA:33,0
DA:34,0
DA:36,0
DA:37,0
LF:21
LH:10
BRDA:6,0,0,64
BRDA:6,0,1,60
BRDA:8,1,0,4
BRDA:8,1,1,60
BRDA:27,2,0,0
BRDA:27,2,1,0
BRF:6
BRH:4
end_of_record
TN:
SF:models\Notification.js
FN:4,(anonymous_0)
FN:16,(anonymous_1)
FN:32,(anonymous_2)
FN:39,(anonymous_3)
FN:46,(anonymous_4)
FN:54,(anonymous_5)
FNF:6
FNH:5
FNDA:22,(anonymous_0)
FNDA:6,(anonymous_1)
FNDA:1,(anonymous_2)
FNDA:1,(anonymous_3)
FNDA:3,(anonymous_4)
FNDA:0,(anonymous_5)
DA:4,2
DA:5,22
DA:10,22
DA:11,22
DA:12,22
DA:16,2
DA:17,6
DA:26,6
DA:27,6
DA:28,6
DA:32,2
DA:33,1
DA:34,1
DA:35,1
DA:39,2
DA:40,1
DA:41,1
DA:42,1
DA:46,2
DA:47,3
DA:48,3
DA:49,3
DA:50,3
DA:54,2
DA:55,0
DA:56,0
DA:57,0
DA:58,0
LF:28
LH:24
BRF:0
BRH:0
end_of_record
TN:
SF:models\User.js
FN:4,(anonymous_0)
FN:12,(anonymous_1)
FN:20,(anonymous_2)
FN:28,(anonymous_3)
FNF:4
FNH:4
FNDA:34,(anonymous_0)
FNDA:30,(anonymous_1)
FNDA:44,(anonymous_2)
FNDA:26,(anonymous_3)
DA:4,2
DA:5,34
DA:6,34
DA:7,34
DA:8,33
DA:12,2
DA:13,30
DA:14,30
DA:15,30
DA:16,30
DA:20,2
DA:21,44
DA:22,44
DA:23,44
DA:24,44
DA:28,2
DA:29,26
DA:30,26
DA:31,26
LF:19
LH:19
BRF:0
BRH:0
end_of_record
TN:
SF:routes\authRoutes.js
FNF:0
FNH:0
DA:5,2
DA:8,2
DA:9,2
DA:10,2
DA:13,2
DA:14,2
LF:6
LH:6
BRF:0
BRH:0
end_of_record
TN:
SF:routes\notificationRoutes.js
FNF:0
FNH:0
DA:11,2
DA:14,2
DA:15,2
DA:16,2
DA:17,2
DA:20,2
LF:6
LH:6
BRF:0
BRH:0
end_of_record
TN:
SF:services\socketService.js
FN:6,(anonymous_0)
FN:9,(anonymous_1)
FN:13,(anonymous_2)
FN:19,(anonymous_3)
FN:34,(anonymous_4)
FNF:5
FNH:2
FNDA:2,(anonymous_0)
FNDA:0,(anonymous_1)
FNDA:0,(anonymous_2)
FNDA:0,(anonymous_3)
FNDA:22,(anonymous_4)
DA:2,2
DA:6,2
DA:7,2
DA:9,2
DA:10,0
DA:13,0
DA:14,0
DA:15,0
DA:19,0
DA:21,0
DA:22,0
DA:23,0
DA:24,0
DA:25,0
DA:31,2
DA:34,2
DA:35,22
LF:17
LH:7
BRDA:22,0,0,0
BRDA:22,0,1,0
BRF:2
BRH:0
end_of_record
